Log file opened on Thu Jan 22 11:09:58 2015
Host: hvoehri  pid: 18821  nodeid: 0  nnodes:  1
Gromacs version:    VERSION 4.6.6-dev-20140325-693d2e6-unknown
GIT SHA1 hash:      693d2e6b2283d1908d9906ecc1e78012634bb658
Branched from:      unknown
Precision:          single
Memory model:       64 bit
MPI library:        none
OpenMP support:     enabled
GPU support:        disabled
invsqrt routine:    gmx_software_invsqrt(x)
CPU acceleration:   SSE2
FFT library:        fftw-3.3.2-sse2
Large file support: enabled
RDTSCP usage:       disabled
Built on:           Tue Mar 25 16:44:53 CET 2014
Built by:           root@owl4 [CMAKE]
Build OS/arch:      Linux 2.6.32-279.19.1.el6.x86_64 x86_64
Build CPU vendor:   GenuineIntel
Build CPU brand:    Intel(R) Xeon(R) CPU            5148  @ 2.33GHz
Build CPU family:   6   Model: 15   Stepping: 6
Build CPU features: apic clfsh cmov cx8 cx16 lahf_lm mmx msr pdcm pse sse2 sse3 ssse3
C compiler:         /usr/bin/gcc GNU gcc (GCC) 4.4.7 20120313 (Red Hat 4.4.7-3)
C compiler flags:   -msse2    -Wextra -Wno-missing-field-initializers -Wno-sign-compare -Wall -Wno-unused -Wunused-value   -fomit-frame-pointer -funroll-all-loops  -O3 -DNDEBUG


                         :-)  G  R  O  M  A  C  S  (-:

                       Great Red Owns Many ACres of Sand 

              :-)  VERSION 4.6.6-dev-20140325-693d2e6-unknown  (-:

        Contributions from Mark Abraham, Emile Apol, Rossen Apostolov, 
           Herman J.C. Berendsen, Aldert van Buuren, Pär Bjelkmar,  
     Rudi van Drunen, Anton Feenstra, Gerrit Groenhof, Christoph Junghans, 
        Peter Kasson, Carsten Kutzner, Per Larsson, Pieter Meulenhoff, 
           Teemu Murtola, Szilard Pall, Sander Pronk, Roland Schulz, 
                Michael Shirts, Alfons Sijbers, Peter Tieleman,

               Berk Hess, David van der Spoel, and Erik Lindahl.

       Copyright (c) 1991-2000, University of Groningen, The Netherlands.
         Copyright (c) 2001-2012,2013, The GROMACS development team at
        Uppsala University & The Royal Institute of Technology, Sweden.
            check out http://www.gromacs.org for more information.

         This program is free software; you can redistribute it and/or
       modify it under the terms of the GNU Lesser General Public License
        as published by the Free Software Foundation; either version 2.1
             of the License, or (at your option) any later version.

                                :-)  mdrun  (-:


++++ PLEASE READ AND CITE THE FOLLOWING REFERENCE ++++
B. Hess and C. Kutzner and D. van der Spoel and E. Lindahl
GROMACS 4: Algorithms for highly efficient, load-balanced, and scalable
molecular simulation
J. Chem. Theory Comput. 4 (2008) pp. 435-447
-------- -------- --- Thank You --- -------- --------


++++ PLEASE READ AND CITE THE FOLLOWING REFERENCE ++++
D. van der Spoel, E. Lindahl, B. Hess, G. Groenhof, A. E. Mark and H. J. C.
Berendsen
GROMACS: Fast, Flexible and Free
J. Comp. Chem. 26 (2005) pp. 1701-1719
-------- -------- --- Thank You --- -------- --------


++++ PLEASE READ AND CITE THE FOLLOWING REFERENCE ++++
E. Lindahl and B. Hess and D. van der Spoel
GROMACS 3.0: A package for molecular simulation and trajectory analysis
J. Mol. Mod. 7 (2001) pp. 306-317
-------- -------- --- Thank You --- -------- --------


++++ PLEASE READ AND CITE THE FOLLOWING REFERENCE ++++
H. J. C. Berendsen, D. van der Spoel and R. van Drunen
GROMACS: A message-passing parallel molecular dynamics implementation
Comp. Phys. Comm. 91 (1995) pp. 43-56
-------- -------- --- Thank You --- -------- --------

Input Parameters:
   integrator           = md
   nsteps               = 50000
   init-step            = 0
   cutoff-scheme        = Verlet
   ns_type              = Grid
   nstlist              = 10
   ndelta               = 2
   nstcomm              = 100
   comm-mode            = Linear
   nstlog               = 1000
   nstxout              = 0
   nstvout              = 0
   nstfout              = 0
   nstcalcenergy        = 100
   nstenergy            = 1000
   nstxtcout            = 0
   init-t               = 0
   delta-t              = 0.002
   xtcprec              = 1000
   fourierspacing       = 0.12
   nkx                  = 42
   nky                  = 40
   nkz                  = 40
   pme-order            = 4
   ewald-rtol           = 1e-05
   ewald-geometry       = 0
   epsilon-surface      = 0
   optimize-fft         = FALSE
   ePBC                 = xyz
   bPeriodicMols        = FALSE
   bContinuation        = FALSE
   bShakeSOR            = FALSE
   etc                  = V-rescale
   bPrintNHChains       = FALSE
   nsttcouple           = 10
   epc                  = Parrinello-Rahman
   epctype              = Isotropic
   nstpcouple           = 10
   tau-p                = 2
   ref-p (3x3):
      ref-p[    0]={ 1.00000e+00,  0.00000e+00,  0.00000e+00}
      ref-p[    1]={ 0.00000e+00,  1.00000e+00,  0.00000e+00}
      ref-p[    2]={ 0.00000e+00,  0.00000e+00,  1.00000e+00}
   compress (3x3):
      compress[    0]={ 4.50000e-05,  0.00000e+00,  0.00000e+00}
      compress[    1]={ 0.00000e+00,  4.50000e-05,  0.00000e+00}
      compress[    2]={ 0.00000e+00,  0.00000e+00,  4.50000e-05}
   refcoord-scaling     = COM
   posres-com (3):
      posres-com[0]= 5.03495e-01
      posres-com[1]= 4.97121e-01
      posres-com[2]= 5.09384e-01
   posres-comB (3):
      posres-comB[0]= 0.00000e+00
      posres-comB[1]= 0.00000e+00
      posres-comB[2]= 0.00000e+00
   verlet-buffer-drift  = 0.005
   rlist                = 1
   rlistlong            = 1
   nstcalclr            = 10
   rtpi                 = 0.05
   coulombtype          = PME
   coulomb-modifier     = Potential-shift
   rcoulomb-switch      = 0
   rcoulomb             = 1
   vdwtype              = Cut-off
   vdw-modifier         = Potential-shift
   rvdw-switch          = 0
   rvdw                 = 1
   epsilon-r            = 1
   epsilon-rf           = inf
   tabext               = 1
   implicit-solvent     = No
   gb-algorithm         = Still
   gb-epsilon-solvent   = 80
   nstgbradii           = 1
   rgbradii             = 1
   gb-saltconc          = 0
   gb-obc-alpha         = 1
   gb-obc-beta          = 0.8
   gb-obc-gamma         = 4.85
   gb-dielectric-offset = 0.009
   sa-algorithm         = Ace-approximation
   sa-surface-tension   = 2.05016
   DispCorr             = No
   bSimTemp             = FALSE
   free-energy          = no
   nwall                = 0
   wall-type            = 9-3
   wall-atomtype[0]     = -1
   wall-atomtype[1]     = -1
   wall-density[0]      = 0
   wall-density[1]      = 0
   wall-ewald-zfac      = 3
   pull                 = no
   rotation             = FALSE
   disre                = No
   disre-weighting      = Conservative
   disre-mixed          = FALSE
   dr-fc                = 1000
   dr-tau               = 0
   nstdisreout          = 100
   orires-fc            = 0
   orires-tau           = 0
   nstorireout          = 100
   dihre-fc             = 0
   em-stepsize          = 0.01
   em-tol               = 10
   niter                = 20
   fc-stepsize          = 0
   nstcgsteep           = 1000
   nbfgscorr            = 10
   ConstAlg             = Lincs
   shake-tol            = 0.0001
   lincs-order          = 4
   lincs-warnangle      = 30
   lincs-iter           = 1
   bd-fric              = 0
   ld-seed              = 1993
   cos-accel            = 0
   deform (3x3):
      deform[    0]={ 0.00000e+00,  0.00000e+00,  0.00000e+00}
      deform[    1]={ 0.00000e+00,  0.00000e+00,  0.00000e+00}
      deform[    2]={ 0.00000e+00,  0.00000e+00,  0.00000e+00}
   adress               = FALSE
   userint1             = 0
   userint2             = 0
   userint3             = 0
   userint4             = 0
   userreal1            = 0
   userreal2            = 0
   userreal3            = 0
   userreal4            = 0
grpopts:
   nrdf:     1735.77     20595.2
   ref-t:         300         300
   tau-t:         0.5         0.5
anneal:          No          No
ann-npoints:           0           0
   acc:	           0           0           0
   nfreeze:           N           N           N
   energygrp-flags[  0]: 0
   efield-x:
      n = 0
   efield-xt:
      n = 0
   efield-y:
      n = 0
   efield-yt:
      n = 0
   efield-z:
      n = 0
   efield-zt:
      n = 0
   bQMMM                = FALSE
   QMconstraints        = 0
   QMMMscheme           = 0
   scalefactor          = 1
qm-opts:
   ngQM                 = 0
Using 4 OpenMP threads 

Detecting CPU-specific acceleration.
Present hardware specification:
Vendor: GenuineIntel
Brand:  Intel(R) Xeon(R) CPU           W3520  @ 2.67GHz
Family:  6  Model: 26  Stepping:  5
Features: apic clfsh cmov cx8 cx16 htt lahf_lm mmx msr nonstop_tsc pdcm popcnt pse rdtscp sse2 sse3 sse4.1 sse4.2 ssse3
Acceleration most likely to fit this hardware: SSE4.1
Acceleration selected at GROMACS compile time: SSE2


Binary not matching hardware - you might be losing performance.
Acceleration most likely to fit this hardware: SSE4.1
Acceleration selected at GROMACS compile time: SSE2


The current CPU can measure timings more accurately than the code in
mdrun was configured to use. This might affect your simulation
speed as accurate timings are needed for load-balancing.
Please consider rebuilding mdrun with the GMX_USE_RDTSCP=OFF CMake option.

Will do PME sum in reciprocal space.

++++ PLEASE READ AND CITE THE FOLLOWING REFERENCE ++++
U. Essmann, L. Perera, M. L. Berkowitz, T. Darden, H. Lee and L. G. Pedersen 
A smooth particle mesh Ewald method
J. Chem. Phys. 103 (1995) pp. 8577-8592
-------- -------- --- Thank You --- -------- --------

Will do ordinary reciprocal space Ewald sum.
Using a Gaussian width (1/beta) of 0.320163 nm for Ewald
Cut-off's:   NS: 1   Coulomb: 1   LJ: 1
System total charge: 0.000
Generated table with 1000 data points for Ewald.
Tabscale = 500 points/nm
Generated table with 1000 data points for LJ6.
Tabscale = 500 points/nm
Generated table with 1000 data points for LJ12.
Tabscale = 500 points/nm
Generated table with 1000 data points for 1-4 COUL.
Tabscale = 500 points/nm
Generated table with 1000 data points for 1-4 LJ6.
Tabscale = 500 points/nm
Generated table with 1000 data points for 1-4 LJ12.
Tabscale = 500 points/nm

Using SSE2 4x4 non-bonded kernels

Using Lorentz-Berthelot Lennard-Jones combination rule

Potential shift: LJ r^-12: 1.000 r^-6 1.000, Ewald 1.000e-05
Initialized non-bonded Ewald correction tables, spacing: 6.60e-04 size: 3033

Removing pbc first time
Pinning threads with an auto-selected logical core stride of 1

Initializing LINear Constraint Solver

++++ PLEASE READ AND CITE THE FOLLOWING REFERENCE ++++
B. Hess and H. Bekker and H. J. C. Berendsen and J. G. E. M. Fraaije
LINCS: A Linear Constraint Solver for molecular simulations
J. Comp. Chem. 18 (1997) pp. 1463-1472
-------- -------- --- Thank You --- -------- --------

The number of constraints is 889

++++ PLEASE READ AND CITE THE FOLLOWING REFERENCE ++++
S. Miyamoto and P. A. Kollman
SETTLE: An Analytical Version of the SHAKE and RATTLE Algorithms for Rigid
Water Models
J. Comp. Chem. 13 (1992) pp. 952-962
-------- -------- --- Thank You --- -------- --------

Center of mass motion removal mode is Linear
We have the following groups for center of mass motion removal:
  0:  rest

++++ PLEASE READ AND CITE THE FOLLOWING REFERENCE ++++
G. Bussi, D. Donadio and M. Parrinello
Canonical sampling through velocity rescaling
J. Chem. Phys. 126 (2007) pp. 014101
-------- -------- --- Thank You --- -------- --------

There are: 11164 Atoms

Constraining the starting coordinates (step 0)

Constraining the coordinates at t0-dt (step 0)
RMS relative constraint deviation after constraining: 7.56e-06
Initial temperature: 0.0103275 K

Started mdrun on node 0 Thu Jan  1 01:00:00 1970
           Step           Time         Lambda
              0        0.00000        0.00000

   Energies (kJ/mol)
          Angle    Proper Dih.  Improper Dih.          LJ-14     Coulomb-14
    5.61592e+02    2.04898e+03    2.91389e+01    7.91550e+02    6.89827e+03
        LJ (SR)   Coulomb (SR)   Coul. recip. Position Rest.      Potential
    2.08468e+04   -2.06039e+05    1.49495e+03    3.69677e-01   -1.73367e+05
    Kinetic En.   Total Energy    Temperature Pressure (bar)   Constr. rmsd
    1.16633e+01   -1.73355e+05    1.25634e-01   -6.51355e+03    3.31607e-05

           Step           Time         Lambda
           1000        2.00000        0.00000

   Energies (kJ/mol)
          Angle    Proper Dih.  Improper Dih.          LJ-14     Coulomb-14
    1.27587e+03    2.21697e+03    8.58293e+01    8.98103e+02    6.98697e+03
        LJ (SR)   Coulomb (SR)   Coul. recip. Position Rest.      Potential
    2.24564e+04   -1.94201e+05    1.01185e+03    2.48542e+02   -1.59020e+05
    Kinetic En.   Total Energy    Temperature Pressure (bar)   Constr. rmsd
    2.42225e+04   -1.34798e+05    2.60918e+02   -3.18318e+02    2.53720e-05

           Step           Time         Lambda
           2000        4.00000        0.00000

   Energies (kJ/mol)
          Angle    Proper Dih.  Improper Dih.          LJ-14     Coulomb-14
    1.57331e+03    2.20583e+03    1.29305e+02    9.58491e+02    7.09670e+03
        LJ (SR)   Coulomb (SR)   Coul. recip. Position Rest.      Potential
    2.13495e+04   -1.89140e+05    1.04964e+03    2.07741e+02   -1.54569e+05
    Kinetic En.   Total Energy    Temperature Pressure (bar)   Constr. rmsd
    2.67764e+04   -1.27793e+05    2.88428e+02    3.07213e+02    2.30796e-05

           Step           Time         Lambda
           3000        6.00000        0.00000

   Energies (kJ/mol)
          Angle    Proper Dih.  Improper Dih.          LJ-14     Coulomb-14
    1.55971e+03    2.23489e+03    1.10892e+02    9.21935e+02    7.03479e+03
        LJ (SR)   Coulomb (SR)   Coul. recip. Position Rest.      Potential
    2.02457e+04   -1.85862e+05    1.11646e+03    1.81643e+02   -1.52456e+05
    Kinetic En.   Total Energy    Temperature Pressure (bar)   Constr. rmsd
    2.74505e+04   -1.25006e+05    2.95689e+02    1.97612e+01    2.49868e-05

           Step           Time         Lambda
           4000        8.00000        0.00000

   Energies (kJ/mol)
          Angle    Proper Dih.  Improper Dih.          LJ-14     Coulomb-14
    1.55416e+03    2.23219e+03    1.01306e+02    9.05080e+02    6.97087e+03
        LJ (SR)   Coulomb (SR)   Coul. recip. Position Rest.      Potential
    2.02460e+04   -1.85961e+05    1.11903e+03    2.12890e+02   -1.52620e+05
    Kinetic En.   Total Energy    Temperature Pressure (bar)   Constr. rmsd
    2.78249e+04   -1.24795e+05    2.99722e+02    9.50578e+01    2.50297e-05

           Step           Time         Lambda
           5000       10.00000        0.00000

   Energies (kJ/mol)
          Angle    Proper Dih.  Improper Dih.          LJ-14     Coulomb-14
    1.60817e+03    2.23737e+03    1.00997e+02    9.22253e+02    6.99313e+03
        LJ (SR)   Coulomb (SR)   Coul. recip. Position Rest.      Potential
    1.98674e+04   -1.84932e+05    1.09280e+03    1.76952e+02   -1.51932e+05
    Kinetic En.   Total Energy    Temperature Pressure (bar)   Constr. rmsd
    2.76031e+04   -1.24329e+05    2.97333e+02   -1.68021e+00    2.57229e-05

           Step           Time         Lambda
           6000       12.00000        0.00000

   Energies (kJ/mol)
          Angle    Proper Dih.  Improper Dih.          LJ-14     Coulomb-14
    1.65772e+03    2.16692e+03    1.12338e+02    9.46369e+02    6.92854e+03
        LJ (SR)   Coulomb (SR)   Coul. recip. Position Rest.      Potential
    1.99718e+04   -1.85325e+05    1.13370e+03    1.95018e+02   -1.52213e+05
    Kinetic En.   Total Energy    Temperature Pressure (bar)   Constr. rmsd
    2.77997e+04   -1.24413e+05    2.99450e+02    2.23578e+01    2.53939e-05

           Step           Time         Lambda
           7000       14.00000        0.00000

   Energies (kJ/mol)
          Angle    Proper Dih.  Improper Dih.          LJ-14     Coulomb-14
    1.74783e+03    2.20668e+03    1.06426e+02    9.24516e+02    6.98771e+03
        LJ (SR)   Coulomb (SR)   Coul. recip. Position Rest.      Potential
    1.99220e+04   -1.84570e+05    1.13102e+03    2.18307e+02   -1.51326e+05
    Kinetic En.   Total Energy    Temperature Pressure (bar)   Constr. rmsd
    2.79189e+04   -1.23407e+05    3.00735e+02   -2.12426e+01    2.66415e-05

           Step           Time         Lambda
           8000       16.00000        0.00000

   Energies (kJ/mol)
          Angle    Proper Dih.  Improper Dih.          LJ-14     Coulomb-14
    1.63896e+03    2.18909e+03    9.55596e+01    9.39346e+02    7.03289e+03
        LJ (SR)   Coulomb (SR)   Coul. recip. Position Rest.      Potential
    1.98481e+04   -1.84725e+05    1.16722e+03    1.98296e+02   -1.51616e+05
    Kinetic En.   Total Energy    Temperature Pressure (bar)   Constr. rmsd
    2.78681e+04   -1.23747e+05    3.00187e+02   -5.12502e+01    2.81762e-05

           Step           Time         Lambda
           9000       18.00000        0.00000

   Energies (kJ/mol)
          Angle    Proper Dih.  Improper Dih.          LJ-14     Coulomb-14
    1.62062e+03    2.20649e+03    9.26050e+01    9.53190e+02    7.07736e+03
        LJ (SR)   Coulomb (SR)   Coul. recip. Position Rest.      Potential
    2.01219e+04   -1.84713e+05    1.16863e+03    2.07683e+02   -1.51265e+05
    Kinetic En.   Total Energy    Temperature Pressure (bar)   Constr. rmsd
    2.79047e+04   -1.23360e+05    3.00582e+02    3.12037e+02    2.41924e-05

           Step           Time         Lambda
          10000       20.00000        0.00000

   Energies (kJ/mol)
          Angle    Proper Dih.  Improper Dih.          LJ-14     Coulomb-14
    1.67875e+03    2.23444e+03    1.04574e+02    9.36962e+02    7.07707e+03
        LJ (SR)   Coulomb (SR)   Coul. recip. Position Rest.      Potential
    1.97752e+04   -1.84886e+05    1.13854e+03    2.06021e+02   -1.51735e+05
    Kinetic En.   Total Energy    Temperature Pressure (bar)   Constr. rmsd
    2.75357e+04   -1.24199e+05    2.96607e+02   -1.20197e+02    2.60516e-05

           Step           Time         Lambda
          11000       22.00000        0.00000

   Energies (kJ/mol)
          Angle    Proper Dih.  Improper Dih.          LJ-14     Coulomb-14
    1.67030e+03    2.22634e+03    1.10340e+02    9.72106e+02    7.05046e+03
        LJ (SR)   Coulomb (SR)   Coul. recip. Position Rest.      Potential
    1.95020e+04   -1.85027e+05    1.19060e+03    2.15078e+02   -1.52090e+05
    Kinetic En.   Total Energy    Temperature Pressure (bar)   Constr. rmsd
    2.80260e+04   -1.24064e+05    3.01888e+02   -2.93096e+02    2.59738e-05

           Step           Time         Lambda
          12000       24.00000        0.00000

   Energies (kJ/mol)
          Angle    Proper Dih.  Improper Dih.          LJ-14     Coulomb-14
    1.62238e+03    2.21893e+03    1.00492e+02    9.58954e+02    7.04999e+03
        LJ (SR)   Coulomb (SR)   Coul. recip. Position Rest.      Potential
    2.00752e+04   -1.85410e+05    1.14112e+03    1.71590e+02   -1.52071e+05
    Kinetic En.   Total Energy    Temperature Pressure (bar)   Constr. rmsd
    2.77030e+04   -1.24368e+05    2.98409e+02    1.67569e+02    2.81217e-05

           Step           Time         Lambda
          13000       26.00000        0.00000

   Energies (kJ/mol)
          Angle    Proper Dih.  Improper Dih.          LJ-14     Coulomb-14
    1.67419e+03    2.22074e+03    1.34172e+02    9.40666e+02    7.03592e+03
        LJ (SR)   Coulomb (SR)   Coul. recip. Position Rest.      Potential
    2.02946e+04   -1.85694e+05    1.14564e+03    2.18627e+02   -1.52029e+05
    Kinetic En.   Total Energy    Temperature Pressure (bar)   Constr. rmsd
    2.78062e+04   -1.24223e+05    2.99520e+02    8.68750e+01    2.74023e-05

           Step           Time         Lambda
          14000       28.00000        0.00000

   Energies (kJ/mol)
          Angle    Proper Dih.  Improper Dih.          LJ-14     Coulomb-14
    1.59580e+03    2.21578e+03    9.00780e+01    9.32589e+02    6.98467e+03
        LJ (SR)   Coulomb (SR)   Coul. recip. Position Rest.      Potential
    1.95481e+04   -1.84610e+05    1.07901e+03    2.12693e+02   -1.51951e+05
    Kinetic En.   Total Energy    Temperature Pressure (bar)   Constr. rmsd
    2.77333e+04   -1.24218e+05    2.98736e+02   -1.72663e+02    2.35115e-05

           Step           Time         Lambda
          15000       30.00000        0.00000

   Energies (kJ/mol)
          Angle    Proper Dih.  Improper Dih.          LJ-14     Coulomb-14
    1.70982e+03    2.19705e+03    1.26347e+02    9.94056e+02    7.08032e+03
        LJ (SR)   Coulomb (SR)   Coul. recip. Position Rest.      Potential
    2.01290e+04   -1.85227e+05    1.08620e+03    2.16071e+02   -1.51688e+05
    Kinetic En.   Total Energy    Temperature Pressure (bar)   Constr. rmsd
    2.77517e+04   -1.23936e+05    2.98933e+02    1.96768e+02    2.43941e-05

           Step           Time         Lambda
          16000       32.00000        0.00000

   Energies (kJ/mol)
          Angle    Proper Dih.  Improper Dih.          LJ-14     Coulomb-14
    1.77533e+03    2.26453e+03    1.16470e+02    9.44369e+02    7.06209e+03
        LJ (SR)   Coulomb (SR)   Coul. recip. Position Rest.      Potential
    1.99651e+04   -1.84945e+05    1.09058e+03    2.10236e+02   -1.51517e+05
    Kinetic En.   Total Energy    Temperature Pressure (bar)   Constr. rmsd
    2.77813e+04   -1.23735e+05    2.99253e+02   -1.00781e+02    2.59059e-05

           Step           Time         Lambda
          17000       34.00000        0.00000

   Energies (kJ/mol)
          Angle    Proper Dih.  Improper Dih.          LJ-14     Coulomb-14
    1.73215e+03    2.18176e+03    1.06739e+02    9.06736e+02    7.01223e+03
        LJ (SR)   Coulomb (SR)   Coul. recip. Position Rest.      Potential
    2.05060e+04   -1.85716e+05    1.08288e+03    2.15859e+02   -1.51972e+05
    Kinetic En.   Total Energy    Temperature Pressure (bar)   Constr. rmsd
    2.78037e+04   -1.24168e+05    2.99494e+02    2.48735e+02    2.63229e-05

           Step           Time         Lambda
          18000       36.00000        0.00000

   Energies (kJ/mol)
          Angle    Proper Dih.  Improper Dih.          LJ-14     Coulomb-14
    1.79316e+03    2.19781e+03    8.84220e+01    9.23571e+02    6.99663e+03
        LJ (SR)   Coulomb (SR)   Coul. recip. Position Rest.      Potential
    1.95174e+04   -1.84758e+05    1.12419e+03    1.99289e+02   -1.51917e+05
    Kinetic En.   Total Energy    Temperature Pressure (bar)   Constr. rmsd
    2.77279e+04   -1.24189e+05    2.98677e+02   -3.20577e+02    2.64115e-05

           Step           Time         Lambda
          19000       38.00000        0.00000

   Energies (kJ/mol)
          Angle    Proper Dih.  Improper Dih.          LJ-14     Coulomb-14
    1.66823e+03    2.19660e+03    9.64195e+01    9.59433e+02    6.92318e+03
        LJ (SR)   Coulomb (SR)   Coul. recip. Position Rest.      Potential
    2.01519e+04   -1.84998e+05    1.09641e+03    2.35345e+02   -1.51671e+05
    Kinetic En.   Total Energy    Temperature Pressure (bar)   Constr. rmsd
    2.82264e+04   -1.23444e+05    3.04047e+02    2.37529e+02    2.30778e-05

           Step           Time         Lambda
          20000       40.00000        0.00000

   Energies (kJ/mol)
          Angle    Proper Dih.  Improper Dih.          LJ-14     Coulomb-14
    1.68888e+03    2.20596e+03    1.10692e+02    9.66698e+02    7.03185e+03
        LJ (SR)   Coulomb (SR)   Coul. recip. Position Rest.      Potential
    2.02588e+04   -1.85525e+05    1.15384e+03    2.28229e+02   -1.51880e+05
    Kinetic En.   Total Energy    Temperature Pressure (bar)   Constr. rmsd
    2.79300e+04   -1.23950e+05    3.00854e+02    2.11443e+02    2.45695e-05

           Step           Time         Lambda
          21000       42.00000        0.00000

   Energies (kJ/mol)
          Angle    Proper Dih.  Improper Dih.          LJ-14     Coulomb-14
    1.59975e+03    2.27154e+03    1.06778e+02    9.31643e+02    7.01697e+03
        LJ (SR)   Coulomb (SR)   Coul. recip. Position Rest.      Potential
    2.03451e+04   -1.85763e+05    1.10588e+03    2.20044e+02   -1.52166e+05
    Kinetic En.   Total Energy    Temperature Pressure (bar)   Constr. rmsd
    2.74634e+04   -1.24702e+05    2.95828e+02   -2.23497e+02    2.79782e-05

           Step           Time         Lambda
          22000       44.00000        0.00000

   Energies (kJ/mol)
          Angle    Proper Dih.  Improper Dih.          LJ-14     Coulomb-14
    1.77940e+03    2.18788e+03    8.63393e+01    9.41286e+02    6.93867e+03
        LJ (SR)   Coulomb (SR)   Coul. recip. Position Rest.      Potential
    2.03334e+04   -1.85825e+05    1.07543e+03    2.29928e+02   -1.52253e+05
    Kinetic En.   Total Energy    Temperature Pressure (bar)   Constr. rmsd
    2.79285e+04   -1.24325e+05    3.00839e+02    3.15199e+01    2.80080e-05

           Step           Time         Lambda
          23000       46.00000        0.00000

   Energies (kJ/mol)
          Angle    Proper Dih.  Improper Dih.          LJ-14     Coulomb-14
    1.68102e+03    2.21295e+03    9.52356e+01    9.46116e+02    6.98319e+03
        LJ (SR)   Coulomb (SR)   Coul. recip. Position Rest.      Potential
    2.03730e+04   -1.86315e+05    1.07770e+03    2.50058e+02   -1.52695e+05
    Kinetic En.   Total Energy    Temperature Pressure (bar)   Constr. rmsd
    2.77082e+04   -1.24987e+05    2.98465e+02    4.62023e+01    2.56398e-05

           Step           Time         Lambda
          24000       48.00000        0.00000

   Energies (kJ/mol)
          Angle    Proper Dih.  Improper Dih.          LJ-14     Coulomb-14
    1.64800e+03    2.20806e+03    1.15951e+02    9.17472e+02    7.02941e+03
        LJ (SR)   Coulomb (SR)   Coul. recip. Position Rest.      Potential
    2.06761e+04   -1.85630e+05    1.15532e+03    2.19576e+02   -1.51660e+05
    Kinetic En.   Total Energy    Temperature Pressure (bar)   Constr. rmsd
    2.79171e+04   -1.23743e+05    3.00716e+02    1.82638e+02    2.74191e-05

           Step           Time         Lambda
          25000       50.00000        0.00000

   Energies (kJ/mol)
          Angle    Proper Dih.  Improper Dih.          LJ-14     Coulomb-14
    1.72958e+03    2.25734e+03    9.09734e+01    9.50797e+02    7.09673e+03
        LJ (SR)   Coulomb (SR)   Coul. recip. Position Rest.      Potential
    1.88711e+04   -1.83721e+05    1.07904e+03    2.11072e+02   -1.51435e+05
    Kinetic En.   Total Energy    Temperature Pressure (bar)   Constr. rmsd
    2.80025e+04   -1.23432e+05    3.01636e+02   -6.82188e+02    2.98785e-05

           Step           Time         Lambda
          26000       52.00000        0.00000

   Energies (kJ/mol)
          Angle    Proper Dih.  Improper Dih.          LJ-14     Coulomb-14
    1.63072e+03    2.20632e+03    1.00376e+02    9.59176e+02    7.06177e+03
        LJ (SR)   Coulomb (SR)   Coul. recip. Position Rest.      Potential
    1.97374e+04   -1.84603e+05    1.18401e+03    2.12896e+02   -1.51511e+05
    Kinetic En.   Total Energy    Temperature Pressure (bar)   Constr. rmsd
    2.80813e+04   -1.23429e+05    3.02484e+02    1.89991e+02    2.24281e-05

           Step           Time         Lambda
          27000       54.00000        0.00000

   Energies (kJ/mol)
          Angle    Proper Dih.  Improper Dih.          LJ-14     Coulomb-14
    1.58313e+03    2.24010e+03    1.23294e+02    9.20284e+02    7.04948e+03
        LJ (SR)   Coulomb (SR)   Coul. recip. Position Rest.      Potential
    1.97310e+04   -1.84180e+05    1.13223e+03    1.84793e+02   -1.51215e+05
    Kinetic En.   Total Energy    Temperature Pressure (bar)   Constr. rmsd
    2.77548e+04   -1.23461e+05    2.98966e+02   -7.84179e+01    2.56067e-05

           Step           Time         Lambda
          28000       56.00000        0.00000

   Energies (kJ/mol)
          Angle    Proper Dih.  Improper Dih.          LJ-14     Coulomb-14
    1.71158e+03    2.25974e+03    1.33204e+02    9.50385e+02    6.92649e+03
        LJ (SR)   Coulomb (SR)   Coul. recip. Position Rest.      Potential
    2.07475e+04   -1.85909e+05    1.10184e+03    2.03150e+02   -1.51875e+05
    Kinetic En.   Total Energy    Temperature Pressure (bar)   Constr. rmsd
    2.82834e+04   -1.23591e+05    3.04661e+02    6.00504e+02    2.45901e-05

           Step           Time         Lambda
          29000       58.00000        0.00000

   Energies (kJ/mol)
          Angle    Proper Dih.  Improper Dih.          LJ-14     Coulomb-14
    1.74867e+03    2.21304e+03    1.17624e+02    9.03968e+02    6.96183e+03
        LJ (SR)   Coulomb (SR)   Coul. recip. Position Rest.      Potential
    1.99174e+04   -1.84500e+05    1.08516e+03    2.03455e+02   -1.51349e+05
    Kinetic En.   Total Energy    Temperature Pressure (bar)   Constr. rmsd
    2.78574e+04   -1.23492e+05    3.00072e+02   -1.14579e+02    2.99699e-05

           Step           Time         Lambda
          30000       60.00000        0.00000

   Energies (kJ/mol)
          Angle    Proper Dih.  Improper Dih.          LJ-14     Coulomb-14
    1.60274e+03    2.18033e+03    9.19516e+01    9.06809e+02    7.05334e+03
        LJ (SR)   Coulomb (SR)   Coul. recip. Position Rest.      Potential
    1.95165e+04   -1.83848e+05    1.15651e+03    1.99273e+02   -1.51140e+05
    Kinetic En.   Total Energy    Temperature Pressure (bar)   Constr. rmsd
    2.77404e+04   -1.23400e+05    2.98812e+02   -1.99722e+02    2.76852e-05

           Step           Time         Lambda
          31000       62.00000        0.00000

   Energies (kJ/mol)
          Angle    Proper Dih.  Improper Dih.          LJ-14     Coulomb-14
    1.58923e+03    2.25873e+03    1.21265e+02    9.29245e+02    7.07620e+03
        LJ (SR)   Coulomb (SR)   Coul. recip. Position Rest.      Potential
    2.03618e+04   -1.85116e+05    1.10056e+03    1.83096e+02   -1.51496e+05
    Kinetic En.   Total Energy    Temperature Pressure (bar)   Constr. rmsd
    2.75898e+04   -1.23906e+05    2.97189e+02    3.71677e+02    2.30558e-05

           Step           Time         Lambda
          32000       64.00000        0.00000

   Energies (kJ/mol)
          Angle    Proper Dih.  Improper Dih.          LJ-14     Coulomb-14
    1.70111e+03    2.25588e+03    9.49737e+01    9.61147e+02    7.00468e+03
        LJ (SR)   Coulomb (SR)   Coul. recip. Position Rest.      Potential
    2.01620e+04   -1.85161e+05    1.16529e+03    2.01911e+02   -1.51614e+05
    Kinetic En.   Total Energy    Temperature Pressure (bar)   Constr. rmsd
    2.76044e+04   -1.24009e+05    2.97347e+02    9.40455e+01    2.57543e-05

           Step           Time         Lambda
          33000       66.00000        0.00000

   Energies (kJ/mol)
          Angle    Proper Dih.  Improper Dih.          LJ-14     Coulomb-14
    1.68492e+03    2.26166e+03    9.28420e+01    9.24600e+02    6.89894e+03
        LJ (SR)   Coulomb (SR)   Coul. recip. Position Rest.      Potential
    2.02446e+04   -1.85745e+05    1.11468e+03    2.05526e+02   -1.52317e+05
    Kinetic En.   Total Energy    Temperature Pressure (bar)   Constr. rmsd
    2.77413e+04   -1.24576e+05    2.98822e+02   -1.36998e+02    2.81574e-05

           Step           Time         Lambda
          34000       68.00000        0.00000

   Energies (kJ/mol)
          Angle    Proper Dih.  Improper Dih.          LJ-14     Coulomb-14
    1.62956e+03    2.19439e+03    8.76991e+01    9.62375e+02    7.00661e+03
        LJ (SR)   Coulomb (SR)   Coul. recip. Position Rest.      Potential
    2.02222e+04   -1.85559e+05    1.18490e+03    2.14606e+02   -1.52056e+05
    Kinetic En.   Total Energy    Temperature Pressure (bar)   Constr. rmsd
    2.75271e+04   -1.24529e+05    2.96514e+02    1.14119e+02    2.40641e-05

           Step           Time         Lambda
          35000       70.00000        0.00000

   Energies (kJ/mol)
          Angle    Proper Dih.  Improper Dih.          LJ-14     Coulomb-14
    1.65454e+03    2.19468e+03    9.53218e+01    9.39803e+02    7.09865e+03
        LJ (SR)   Coulomb (SR)   Coul. recip. Position Rest.      Potential
    2.05058e+04   -1.85544e+05    1.07471e+03    2.35426e+02   -1.51745e+05
    Kinetic En.   Total Energy    Temperature Pressure (bar)   Constr. rmsd
    2.77649e+04   -1.23980e+05    2.99076e+02    2.57710e+02    2.56339e-05

           Step           Time         Lambda
          36000       72.00000        0.00000

   Energies (kJ/mol)
          Angle    Proper Dih.  Improper Dih.          LJ-14     Coulomb-14
    1.60223e+03    2.24332e+03    1.30636e+02    9.54311e+02    7.03801e+03
        LJ (SR)   Coulomb (SR)   Coul. recip. Position Rest.      Potential
    2.00154e+04   -1.85885e+05    1.06739e+03    1.86815e+02   -1.52647e+05
    Kinetic En.   Total Energy    Temperature Pressure (bar)   Constr. rmsd
    2.76296e+04   -1.25017e+05    2.97618e+02    2.81618e+02    2.37594e-05

           Step           Time         Lambda
          37000       74.00000        0.00000

   Energies (kJ/mol)
          Angle    Proper Dih.  Improper Dih.          LJ-14     Coulomb-14
    1.59085e+03    2.18200e+03    1.00145e+02    9.42557e+02    6.97515e+03
        LJ (SR)   Coulomb (SR)   Coul. recip. Position Rest.      Potential
    1.94975e+04   -1.84907e+05    1.11131e+03    2.14895e+02   -1.52293e+05
    Kinetic En.   Total Energy    Temperature Pressure (bar)   Constr. rmsd
    2.78837e+04   -1.24409e+05    3.00356e+02   -1.70786e+02    2.51534e-05

           Step           Time         Lambda
          38000       76.00000        0.00000

   Energies (kJ/mol)
          Angle    Proper Dih.  Improper Dih.          LJ-14     Coulomb-14
    1.70452e+03    2.25153e+03    9.24290e+01    9.74019e+02    7.05946e+03
        LJ (SR)   Coulomb (SR)   Coul. recip. Position Rest.      Potential
    1.96631e+04   -1.84513e+05    1.15448e+03    2.19752e+02   -1.51394e+05
    Kinetic En.   Total Energy    Temperature Pressure (bar)   Constr. rmsd
    2.74091e+04   -1.23985e+05    2.95243e+02    1.76770e+02    2.36037e-05

           Step           Time         Lambda
          39000       78.00000        0.00000

   Energies (kJ/mol)
          Angle    Proper Dih.  Improper Dih.          LJ-14     Coulomb-14
    1.64128e+03    2.21828e+03    1.17084e+02    9.11820e+02    6.98187e+03
        LJ (SR)   Coulomb (SR)   Coul. recip. Position Rest.      Potential
    1.98000e+04   -1.85363e+05    1.09602e+03    1.93711e+02   -1.52403e+05
    Kinetic En.   Total Energy    Temperature Pressure (bar)   Constr. rmsd
    2.81582e+04   -1.24245e+05    3.03312e+02   -3.11516e+02    2.80648e-05

           Step           Time         Lambda
          40000       80.00000        0.00000

   Energies (kJ/mol)
          Angle    Proper Dih.  Improper Dih.          LJ-14     Coulomb-14
    1.58129e+03    2.27868e+03    9.76054e+01    9.39481e+02    7.08496e+03
        LJ (SR)   Coulomb (SR)   Coul. recip. Position Rest.      Potential
    1.98524e+04   -1.85136e+05    1.15536e+03    2.11354e+02   -1.51935e+05
    Kinetic En.   Total Energy    Temperature Pressure (bar)   Constr. rmsd
    2.77678e+04   -1.24167e+05    2.99107e+02   -7.44018e+00    2.57926e-05

           Step           Time         Lambda
          41000       82.00000        0.00000

   Energies (kJ/mol)
          Angle    Proper Dih.  Improper Dih.          LJ-14     Coulomb-14
    1.56144e+03    2.21800e+03    1.15921e+02    9.58756e+02    7.18255e+03
        LJ (SR)   Coulomb (SR)   Coul. recip. Position Rest.      Potential
    2.03203e+04   -1.85208e+05    1.11361e+03    2.07601e+02   -1.51530e+05
    Kinetic En.   Total Energy    Temperature Pressure (bar)   Constr. rmsd
    2.79895e+04   -1.23540e+05    3.01495e+02    1.00999e+02    2.52414e-05

           Step           Time         Lambda
          42000       84.00000        0.00000

   Energies (kJ/mol)
          Angle    Proper Dih.  Improper Dih.          LJ-14     Coulomb-14
    1.67306e+03    2.22392e+03    8.61404e+01    9.86052e+02    7.15739e+03
        LJ (SR)   Coulomb (SR)   Coul. recip. Position Rest.      Potential
    1.97481e+04   -1.84282e+05    1.09779e+03    2.10764e+02   -1.51098e+05
    Kinetic En.   Total Energy    Temperature Pressure (bar)   Constr. rmsd
    2.82646e+04   -1.22834e+05    3.04459e+02    1.49078e+02    2.38554e-05

           Step           Time         Lambda
          43000       86.00000        0.00000

   Energies (kJ/mol)
          Angle    Proper Dih.  Improper Dih.          LJ-14     Coulomb-14
    1.67804e+03    2.20194e+03    1.28595e+02    9.64114e+02    7.05693e+03
        LJ (SR)   Coulomb (SR)   Coul. recip. Position Rest.      Potential
    2.02639e+04   -1.85160e+05    1.19526e+03    1.80886e+02   -1.51490e+05
    Kinetic En.   Total Energy    Temperature Pressure (bar)   Constr. rmsd
    2.76149e+04   -1.23875e+05    2.97460e+02    5.61674e+02    2.18376e-05

           Step           Time         Lambda
          44000       88.00000        0.00000

   Energies (kJ/mol)
          Angle    Proper Dih.  Improper Dih.          LJ-14     Coulomb-14
    1.63479e+03    2.16457e+03    9.60588e+01    9.50971e+02    7.01989e+03
        LJ (SR)   Coulomb (SR)   Coul. recip. Position Rest.      Potential
    1.94474e+04   -1.84148e+05    1.14923e+03    1.60644e+02   -1.51524e+05
    Kinetic En.   Total Energy    Temperature Pressure (bar)   Constr. rmsd
    2.78352e+04   -1.23689e+05    2.99833e+02   -9.00753e+01    2.33699e-05

           Step           Time         Lambda
          45000       90.00000        0.00000

   Energies (kJ/mol)
          Angle    Proper Dih.  Improper Dih.          LJ-14     Coulomb-14
    1.52416e+03    2.23285e+03    9.83444e+01    9.63952e+02    7.10925e+03
        LJ (SR)   Coulomb (SR)   Coul. recip. Position Rest.      Potential
    1.94699e+04   -1.84618e+05    1.15478e+03    1.88107e+02   -1.51877e+05
    Kinetic En.   Total Energy    Temperature Pressure (bar)   Constr. rmsd
    2.77301e+04   -1.24146e+05    2.98701e+02   -5.74735e+01    2.70576e-05

           Step           Time         Lambda
          46000       92.00000        0.00000

   Energies (kJ/mol)
          Angle    Proper Dih.  Improper Dih.          LJ-14     Coulomb-14
    1.60481e+03    2.27610e+03    9.15333e+01    9.26555e+02    6.93883e+03
        LJ (SR)   Coulomb (SR)   Coul. recip. Position Rest.      Potential
    2.00574e+04   -1.84670e+05    1.16091e+03    2.15271e+02   -1.51398e+05
    Kinetic En.   Total Energy    Temperature Pressure (bar)   Constr. rmsd
    2.74413e+04   -1.23957e+05    2.95590e+02    1.56748e+02    2.37892e-05

           Step           Time         Lambda
          47000       94.00000        0.00000

   Energies (kJ/mol)
          Angle    Proper Dih.  Improper Dih.          LJ-14     Coulomb-14
    1.73016e+03    2.18437e+03    1.00386e+02    9.22811e+02    6.91887e+03
        LJ (SR)   Coulomb (SR)   Coul. recip. Position Rest.      Potential
    1.93758e+04   -1.84441e+05    1.04274e+03    1.67183e+02   -1.51999e+05
    Kinetic En.   Total Energy    Temperature Pressure (bar)   Constr. rmsd
    2.77780e+04   -1.24221e+05    2.99216e+02   -2.17264e+02    2.56979e-05

           Step           Time         Lambda
          48000       96.00000        0.00000

   Energies (kJ/mol)
          Angle    Proper Dih.  Improper Dih.          LJ-14     Coulomb-14
    1.67129e+03    2.23161e+03    1.16794e+02    9.65253e+02    6.99961e+03
        LJ (SR)   Coulomb (SR)   Coul. recip. Position Rest.      Potential
    1.93515e+04   -1.84044e+05    1.13511e+03    1.82151e+02   -1.51391e+05
    Kinetic En.   Total Energy    Temperature Pressure (bar)   Constr. rmsd
    2.76682e+04   -1.23722e+05    2.98034e+02   -2.90504e+02    2.41472e-05

           Step           Time         Lambda
          49000       98.00000        0.00000

   Energies (kJ/mol)
          Angle    Proper Dih.  Improper Dih.          LJ-14     Coulomb-14
    1.63889e+03    2.20035e+03    1.20564e+02    9.52402e+02    7.14095e+03
        LJ (SR)   Coulomb (SR)   Coul. recip. Position Rest.      Potential
    2.00253e+04   -1.85121e+05    1.07085e+03    2.28898e+02   -1.51743e+05
    Kinetic En.   Total Energy    Temperature Pressure (bar)   Constr. rmsd
    2.78797e+04   -1.23863e+05    3.00313e+02    2.11855e+02    2.53382e-05

           Step           Time         Lambda
          50000      100.00000        0.00000

Writing checkpoint, step 50000 at Thu Jan 22 11:16:45 2015


   Energies (kJ/mol)
          Angle    Proper Dih.  Improper Dih.          LJ-14     Coulomb-14
    1.69552e+03    2.18723e+03    9.46932e+01    9.39903e+02    6.97485e+03
        LJ (SR)   Coulomb (SR)   Coul. recip. Position Rest.      Potential
    2.01358e+04   -1.84911e+05    1.18006e+03    2.01129e+02   -1.51502e+05
    Kinetic En.   Total Energy    Temperature Pressure (bar)   Constr. rmsd
    2.75028e+04   -1.23999e+05    2.96253e+02    1.51659e+02    2.72033e-05

	<======  ###############  ==>
	<====  A V E R A G E S  ====>
	<==  ###############  ======>

	Statistics over 50001 steps using 501 frames

   Energies (kJ/mol)
          Angle    Proper Dih.  Improper Dih.          LJ-14     Coulomb-14
    1.63626e+03    2.22434e+03    1.05302e+02    9.38205e+02    7.02391e+03
        LJ (SR)   Coulomb (SR)   Coul. recip. Position Rest.      Potential
    2.01046e+04   -1.85611e+05    1.12104e+03    2.06801e+02   -1.52250e+05
    Kinetic En.   Total Energy    Temperature Pressure (bar)   Constr. rmsd
    2.75124e+04   -1.24738e+05    2.96356e+02   -2.02301e+01    0.00000e+00

          Box-X          Box-Y          Box-Z
    4.99380e+00    4.72576e+00    4.78677e+00

   Total Virial (kJ/mol)
    9.23854e+03    2.25267e+02    3.60160e+01
    2.25137e+02    9.27899e+03   -2.25754e+01
    3.61114e+01   -2.23250e+01    9.21043e+03

   Pressure (bar)
   -1.89387e+01   -6.75700e+01   -4.09259e+00
   -6.75325e+01   -3.64271e+01    1.81822e+00
   -4.12116e+00    1.74488e+00   -5.32435e+00

      T-ProteinT-Water_and_ions
    2.92260e+02    2.96701e+02


	M E G A - F L O P S   A C C O U N T I N G

 NB=Group-cutoff nonbonded kernels    NxN=N-by-N cluster Verlet kernels
 RF=Reaction-Field  VdW=Van der Waals  QSTab=quadratic-spline table
 W3=SPC/TIP3p  W4=TIP4p (single or pairs)
 V&F=Potential and force  V=Potential only  F=Force only

 Computing:                               M-Number         M-Flops  % Flops
-----------------------------------------------------------------------------
 Pair Search distance check           17231.029352      155079.264     1.6
 NxN QSTab Elec. + VdW [F]           116889.881696     4792485.150    49.4
 NxN QSTab Elec. + VdW [V&F]           1182.948856       69793.983     0.7
 NxN QSTab Elec. [F]                  97284.167360     3307661.690    34.1
 NxN QSTab Elec. [V&F]                  984.288888       40355.844     0.4
 1,4 nonbonded interactions             115.302306       10377.208     0.1
 Calc Weights                          1674.633492       60286.806     0.6
 Spread Q Bspline                     35725.514496       71451.029     0.7
 Gather F Bspline                     35725.514496      214353.087     2.2
 3D-FFT                              107765.155260      862121.242     8.9
 Solve PME                               84.001680        5376.108     0.1
 Shift-X                                 55.831164         334.987     0.0
 Angles                                  79.801596       13406.668     0.1
 Propers                                121.602432       27846.957     0.3
 Impropers                                9.750195        2028.041     0.0
 Pos. Restr.                             22.250445        1112.522     0.0
 Virial                                  56.056209        1009.012     0.0
 Stop-CM                                  5.604328          56.043     0.0
 Calc-Ekin                              111.662328        3014.883     0.0
 Lincs                                   44.452667        2667.160     0.0
 Lincs-Mat                              957.657456        3830.630     0.0
 Constraint-V                           602.374094        4818.993     0.0
 Constraint-Vir                          55.801158        1339.228     0.0
 Settle                                 171.160269       55284.767     0.6
-----------------------------------------------------------------------------
 Total                                                 9706091.300   100.0
-----------------------------------------------------------------------------


     R E A L   C Y C L E   A N D   T I M E   A C C O U N T I N G

 Computing:         Nodes   Th.     Count  Wall t (s)     G-Cycles       %
-----------------------------------------------------------------------------
 Neighbor search        1    4       5001      30.556      325.931     7.5
 Force                  1    4      50001     286.603     3057.108    70.4
 PME mesh               1    4      50001      54.273      578.911    13.3
 NB X/F buffer ops.     1    4      95001       8.777       93.618     2.2
 Write traj.            1    4          1       0.166        1.768     0.0
 Update                 1    4      50001       7.871       83.956     1.9
 Constraints            1    4      50001      14.035      149.707     3.4
 Rest                   1                       4.871       51.956     1.2
-----------------------------------------------------------------------------
 Total                  1                     407.150     4342.955   100.0
-----------------------------------------------------------------------------
-----------------------------------------------------------------------------
 PME spread/gather      1    4     100002      32.364      345.222     7.9
 PME 3D-FFT             1    4     100002      16.806      179.268     4.1
 PME solve              1    4      50001       4.923       52.517     1.2
-----------------------------------------------------------------------------

               Core t (s)   Wall t (s)        (%)
       Time:     1550.766      407.150      380.9
                 (ns/day)    (hour/ns)
Performance:       21.221        1.131
Finished mdrun on node 0 Thu Jan 22 11:16:45 2015
